<?xml version="1.0" encoding="UTF-8"?>
<!-- Generated by org.testng.reporters.JUnitReportReporter -->
<testsuite hostname="DESKTOP-EMFC2IV" failures="0" tests="1" name="Java_Maven.Java_Maven.sampleTest" time="10.102" errors="0" timestamp="2022-08-29T10:36:18 IST" skipped="0">
  <testcase classname="Java_Maven.Java_Maven.sampleTest" name="openBrowser" time="10.102"/>
  <system-out/>
</testsuite> <!-- Java_Maven.Java_Maven.sampleTest -->
