<?xml version="1.0" encoding="UTF-8"?>
<!-- Generated by org.testng.reporters.JUnitReportReporter -->
<testsuite hostname="DESKTOP-EMFC2IV" failures="0" tests="1" name="Java_Maven.Java_Maven.sampleTest" time="14.510" errors="0" timestamp="2022-08-30T02:04:06 IST" skipped="0">
  <testcase classname="Java_Maven.Java_Maven.sampleTest" name="openBrowser" time="14.510"/>
  <system-out/>
</testsuite> <!-- Java_Maven.Java_Maven.sampleTest -->
