<?xml version="1.0" encoding="UTF-8"?>
<!-- Generated by org.testng.reporters.JUnitReportReporter -->
<testsuite hostname="DESKTOP-EMFC2IV" failures="0" tests="1" name="Java_Maven.Java_Maven.AppTest" time="0.010" errors="0" timestamp="2022-08-29T17:57:25 IST" skipped="0">
  <testcase classname="Java_Maven.Java_Maven.AppTest" name="testApp" time="0.010"/>
  <system-out/>
</testsuite> <!-- Java_Maven.Java_Maven.AppTest -->
